<?xml version="1.0" encoding="UTF-8"?>
<coverage generated="1694161284578" clover="3.2.0">
  <project timestamp="1694161284578" name="All files">
    <metrics statements="218" coveredstatements="195" conditionals="59" coveredconditionals="41" methods="82" coveredmethods="74" elements="359" coveredelements="310" complexity="0" loc="218" ncloc="218" packages="2" files="5" classes="5"/>
    <package name="lib">
      <metrics statements="55" coveredstatements="50" conditionals="12" coveredconditionals="9" methods="22" coveredmethods="20"/>
      <file name="pathPlanner.ts" path="C:\Repos\Development\E-Learning\nm-skill-service\nm-skill-lib\src\lib\pathPlanner.ts">
        <metrics statements="55" coveredstatements="50" conditionals="12" coveredconditionals="9" methods="22" coveredmethods="20"/>
        <line num="1" count="1" type="stmt"/>
        <line num="3" count="1" type="stmt"/>
        <line num="5" count="1" type="stmt"/>
        <line num="12" count="1" type="stmt"/>
        <line num="13" count="4" type="stmt"/>
        <line num="14" count="4" type="stmt"/>
        <line num="23" count="1" type="stmt"/>
        <line num="27" count="2" type="stmt"/>
        <line num="28" count="6" type="stmt"/>
        <line num="30" count="2" type="stmt"/>
        <line num="31" count="2" type="stmt"/>
        <line num="39" count="1" type="stmt"/>
        <line num="43" count="0" type="stmt"/>
        <line num="44" count="0" type="stmt"/>
        <line num="54" count="1" type="stmt"/>
        <line num="67" count="6" type="stmt"/>
        <line num="69" count="28" type="stmt"/>
        <line num="71" count="6" type="stmt"/>
        <line num="72" count="6" type="stmt"/>
        <line num="73" count="41" type="stmt"/>
        <line num="75" count="41" type="stmt"/>
        <line num="77" count="41" type="stmt"/>
        <line num="92" count="6" type="cond" truecount="6" falsecount="2"/>
        <line num="101" count="20" type="stmt"/>
        <line num="103" count="6" type="stmt"/>
        <line num="104" count="6" type="stmt"/>
        <line num="106" count="6" type="stmt"/>
        <line num="110" count="4" type="stmt"/>
        <line num="112" count="4" type="stmt"/>
        <line num="113" count="15" type="stmt"/>
        <line num="114" count="15" type="stmt"/>
        <line num="115" count="4" type="stmt"/>
        <line num="118" count="4" type="stmt"/>
        <line num="122" count="2" type="stmt"/>
        <line num="124" count="2" type="stmt"/>
        <line num="125" count="6" type="stmt"/>
        <line num="126" count="6" type="stmt"/>
        <line num="127" count="0" type="stmt"/>
        <line num="128" count="0" type="stmt"/>
        <line num="129" count="0" type="stmt"/>
        <line num="132" count="2" type="stmt"/>
        <line num="140" count="2" type="cond" truecount="1" falsecount="1"/>
        <line num="143" count="2" type="stmt"/>
        <line num="144" count="6" type="stmt"/>
        <line num="145" count="6" type="stmt"/>
        <line num="146" count="4" type="stmt"/>
        <line num="149" count="6" type="stmt"/>
        <line num="150" count="6" type="stmt"/>
        <line num="153" count="2" type="stmt"/>
        <line num="157" count="6" type="stmt"/>
        <line num="158" count="27" type="stmt"/>
        <line num="159" count="27" type="stmt"/>
        <line num="162" count="6" type="stmt"/>
        <line num="163" count="14" type="stmt"/>
        <line num="165" count="6" type="stmt"/>
      </file>
    </package>
    <package name="lib.fastDownward">
      <metrics statements="163" coveredstatements="145" conditionals="47" coveredconditionals="32" methods="60" coveredmethods="54"/>
      <file name="distanceMap.ts" path="C:\Repos\Development\E-Learning\nm-skill-service\nm-skill-lib\src\lib\fastDownward\distanceMap.ts">
        <metrics statements="43" coveredstatements="35" conditionals="19" coveredconditionals="12" methods="13" coveredmethods="11"/>
        <line num="2" count="2" type="stmt"/>
        <line num="5" count="2" type="stmt"/>
        <line num="13" count="9" type="stmt"/>
        <line num="21" count="9" type="stmt"/>
        <line num="23" count="9" type="stmt"/>
        <line num="24" count="39" type="stmt"/>
        <line num="25" count="39" type="stmt"/>
        <line num="26" count="10" type="stmt"/>
        <line num="27" count="10" type="stmt"/>
        <line num="28" count="10" type="stmt"/>
        <line num="31" count="9" type="stmt"/>
        <line num="32" count="31" type="stmt"/>
        <line num="33" count="31" type="stmt"/>
        <line num="34" count="21" type="stmt"/>
        <line num="37" count="31" type="stmt"/>
        <line num="38" count="32" type="stmt"/>
        <line num="44" count="288" type="cond" truecount="1" falsecount="0"/>
        <line num="46" count="100" type="cond" truecount="1" falsecount="0"/>
        <line num="48" count="30" type="stmt"/>
        <line num="50" count="70" type="stmt"/>
        <line num="52" count="188" type="stmt"/>
        <line num="54" count="9" type="stmt"/>
        <line num="56" count="9" type="stmt"/>
        <line num="57" count="9" type="stmt"/>
        <line num="58" count="70" type="cond" truecount="3" falsecount="0"/>
        <line num="59" count="31" type="stmt"/>
        <line num="60" count="31" type="stmt"/>
        <line num="61" count="31" type="stmt"/>
        <line num="62" count="282" type="stmt"/>
        <line num="65" count="282" type="cond" truecount="1" falsecount="0"/>
        <line num="66" count="149" type="stmt"/>
        <line num="70" count="31" type="stmt"/>
        <line num="76" count="63" type="cond" truecount="6" falsecount="2"/>
        <line num="80" count="41" type="stmt"/>
        <line num="81" count="41" type="stmt"/>
        <line num="85" count="0" type="stmt"/>
        <line num="86" count="0" type="stmt"/>
        <line num="87" count="0" type="stmt"/>
        <line num="88" count="0" type="cond" truecount="0" falsecount="2"/>
        <line num="89" count="0" type="stmt"/>
        <line num="90" count="0" type="cond" truecount="0" falsecount="3"/>
        <line num="91" count="0" type="stmt"/>
        <line num="95" count="0" type="stmt"/>
      </file>
      <file name="fastDownward.ts" path="C:\Repos\Development\E-Learning\nm-skill-service\nm-skill-lib\src\lib\fastDownward\fastDownward.ts">
        <metrics statements="75" coveredstatements="65" conditionals="21" coveredconditionals="14" methods="28" coveredmethods="24"/>
        <line num="2" count="1" type="stmt"/>
        <line num="3" count="1" type="stmt"/>
        <line num="15" count="24" type="stmt"/>
        <line num="17" count="83" type="stmt"/>
        <line num="18" count="146" type="stmt"/>
        <line num="23" count="24" type="stmt"/>
        <line num="24" count="42" type="stmt"/>
        <line num="38" count="7" type="stmt"/>
        <line num="41" count="7" type="stmt"/>
        <line num="43" count="7" type="stmt"/>
        <line num="44" count="31" type="stmt"/>
        <line num="45" count="31" type="stmt"/>
        <line num="48" count="31" type="cond" truecount="1" falsecount="0"/>
        <line num="50" count="7" type="stmt"/>
        <line num="51" count="7" type="stmt"/>
        <line num="52" count="7" type="stmt"/>
        <line num="53" count="20" type="stmt"/>
        <line num="54" count="20" type="cond" truecount="1" falsecount="0"/>
        <line num="55" count="20" type="stmt"/>
        <line num="57" count="20" type="stmt"/>
        <line num="59" count="7" type="stmt"/>
        <line num="62" count="24" type="stmt"/>
        <line num="65" count="24" type="stmt"/>
        <line num="66" count="41" type="stmt"/>
        <line num="68" count="41" type="cond" truecount="1" falsecount="1"/>
        <line num="69" count="0" type="stmt"/>
        <line num="71" count="41" type="stmt"/>
        <line num="74" count="41" type="cond" truecount="3" falsecount="0"/>
        <line num="75" count="12" type="stmt"/>
        <line num="78" count="29" type="stmt"/>
        <line num="79" count="29" type="stmt"/>
        <line num="82" count="62" type="cond" truecount="0" falsecount="1"/>
        <line num="83" count="0" type="stmt"/>
        <line num="87" count="29" type="stmt"/>
        <line num="88" count="29" type="cond" truecount="2" falsecount="0"/>
        <line num="89" count="4" type="cond" truecount="0" falsecount="1"/>
        <line num="90" count="0" type="stmt"/>
        <line num="91" count="0" type="stmt"/>
        <line num="94" count="25" type="stmt"/>
        <line num="99" count="0" type="stmt"/>
        <line num="116" count="1" type="stmt"/>
        <line num="134" count="7" type="stmt"/>
        <line num="135" count="4" type="stmt"/>
        <line num="141" count="7" type="cond" truecount="1" falsecount="0"/>
        <line num="142" count="33" type="stmt"/>
        <line num="147" count="7" type="cond" truecount="0" falsecount="1"/>
        <line num="148" count="0" type="stmt"/>
        <line num="152" count="7" type="cond" truecount="1" falsecount="0"/>
        <line num="153" count="7" type="cond" truecount="2" falsecount="1"/>
        <line num="154" count="0" type="stmt"/>
        <line num="156" count="7" type="stmt"/>
        <line num="158" count="24" type="stmt"/>
        <line num="159" count="24" type="stmt"/>
        <line num="160" count="112" type="stmt"/>
        <line num="165" count="7" type="stmt"/>
        <line num="186" count="1" type="stmt"/>
        <line num="208" count="6" type="stmt"/>
        <line num="209" count="6" type="stmt"/>
        <line num="210" count="7" type="cond" truecount="1" falsecount="1"/>
        <line num="211" count="0" type="stmt"/>
        <line num="212" count="0" type="stmt"/>
        <line num="215" count="7" type="stmt"/>
        <line num="219" count="6" type="stmt"/>
        <line num="220" count="6" type="stmt"/>
        <line num="222" count="7" type="stmt"/>
        <line num="231" count="7" type="stmt"/>
        <line num="232" count="7" type="cond" truecount="1" falsecount="1"/>
        <line num="234" count="7" type="stmt"/>
        <line num="235" count="7" type="stmt"/>
        <line num="236" count="64" type="stmt"/>
        <line num="237" count="20" type="stmt"/>
        <line num="238" count="56" type="stmt"/>
        <line num="239" count="7" type="stmt"/>
        <line num="242" count="0" type="stmt"/>
        <line num="246" count="6" type="stmt"/>
      </file>
      <file name="state.ts" path="C:\Repos\Development\E-Learning\nm-skill-service\nm-skill-lib\src\lib\fastDownward\state.ts">
        <metrics statements="39" coveredstatements="39" conditionals="7" coveredconditionals="6" methods="19" coveredmethods="19"/>
        <line num="8" count="29" type="stmt"/>
        <line num="9" count="29" type="stmt"/>
        <line num="10" count="77" type="stmt"/>
        <line num="11" count="105" type="cond" truecount="0" falsecount="1"/>
        <line num="15" count="29" type="stmt"/>
        <line num="22" count="1" type="stmt"/>
        <line num="30" count="36" type="stmt"/>
        <line num="32" count="36" type="stmt"/>
        <line num="34" count="36" type="stmt"/>
        <line num="35" count="36" type="stmt"/>
        <line num="39" count="36" type="stmt"/>
        <line num="40" count="36" type="stmt"/>
        <line num="41" count="46" type="stmt"/>
        <line num="42" count="46" type="cond" truecount="2" falsecount="0"/>
        <line num="43" count="46" type="cond" truecount="2" falsecount="0"/>
        <line num="49" count="248" type="stmt"/>
        <line num="51" count="42" type="stmt"/>
        <line num="52" count="86" type="stmt"/>
        <line num="55" count="42" type="stmt"/>
        <line num="56" count="30" type="stmt"/>
        <line num="60" count="42" type="cond" truecount="1" falsecount="0"/>
        <line num="61" count="6" type="stmt"/>
        <line num="62" count="6" type="stmt"/>
        <line num="64" count="36" type="stmt"/>
        <line num="68" count="46" type="stmt"/>
        <line num="69" count="278" type="stmt"/>
        <line num="70" count="84" type="stmt"/>
        <line num="71" count="46" type="stmt"/>
        <line num="72" count="46" type="stmt"/>
        <line num="73" count="36" type="stmt"/>
        <line num="76" count="46" type="cond" truecount="1" falsecount="0"/>
        <line num="77" count="4" type="stmt"/>
        <line num="78" count="4" type="stmt"/>
        <line num="80" count="42" type="stmt"/>
        <line num="89" count="31" type="stmt"/>
        <line num="90" count="72" type="stmt"/>
        <line num="95" count="29" type="stmt"/>
        <line num="96" count="29" type="stmt"/>
        <line num="106" count="75" type="stmt"/>
      </file>
      <file name="types.ts" path="C:\Repos\Development\E-Learning\nm-skill-service\nm-skill-lib\src\lib\fastDownward\types.ts">
        <metrics statements="6" coveredstatements="6" conditionals="0" coveredconditionals="0" methods="0" coveredmethods="0"/>
        <line num="7" count="1" type="stmt"/>
        <line num="9" count="36" type="stmt"/>
        <line num="12" count="36" type="stmt"/>
        <line num="13" count="36" type="stmt"/>
        <line num="14" count="36" type="stmt"/>
        <line num="15" count="36" type="stmt"/>
      </file>
    </package>
  </project>
</coverage>
