{"C:\\Repos\\Development\\E-Learning\\nm-skill-service\\nm-skill-lib\\src\\lib\\pathPlanner.ts": {"path":"C:\\Repos\\Development\\E-Learning\\nm-skill-service\\nm-skill-lib\\src\\lib\\pathPlanner.ts","statementMap":{"0":{"start":{"line":1,"column":0},"end":{"line":1,"column":59}},"1":{"start":{"line":3,"column":0},"end":{"line":3,"column":94}},"2":{"start":{"line":5,"column":0},"end":{"line":5,"column":57}},"3":{"start":{"line":13,"column":15},"end":{"line":13,"column":52}},"4":{"start":{"line":14,"column":1},"end":{"line":14,"column":32}},"5":{"start":{"line":12,"column":0},"end":{"line":12,"column":22}},"6":{"start":{"line":27,"column":23},"end":{"line":28,"column":null}},"7":{"start":{"line":28,"column":22},"end":{"line":28,"column":30}},"8":{"start":{"line":30,"column":15},"end":{"line":30,"column":74}},"9":{"start":{"line":31,"column":1},"end":{"line":31,"column":32}},"10":{"start":{"line":23,"column":0},"end":{"line":23,"column":22}},"11":{"start":{"line":43,"column":15},"end":{"line":43,"column":74}},"12":{"start":{"line":44,"column":1},"end":{"line":44,"column":29}},"13":{"start":{"line":39,"column":0},"end":{"line":39,"column":22}},"14":{"start":{"line":67,"column":19},"end":{"line":67,"column":39}},"15":{"start":{"line":69,"column":13},"end":{"line":69,"column":87}},"16":{"start":{"line":69,"column":77},"end":{"line":69,"column":85}},"17":{"start":{"line":71,"column":19},"end":{"line":71,"column":55}},"18":{"start":{"line":72,"column":54},"end":{"line":78,"column":2}},"19":{"start":{"line":73,"column":14},"end":{"line":75,"column":null}},"20":{"start":{"line":75,"column":21},"end":{"line":75,"column":29}},"21":{"start":{"line":77,"column":2},"end":{"line":77,"column":13}},"22":{"start":{"line":92,"column":2},"end":{"line":101,"column":27}},"23":{"start":{"line":101,"column":15},"end":{"line":101,"column":20}},"24":{"start":{"line":103,"column":18},"end":{"line":103,"column":50}},"25":{"start":{"line":104,"column":1},"end":{"line":104,"column":49}},"26":{"start":{"line":106,"column":1},"end":{"line":106,"column":13}},"27":{"start":{"line":54,"column":0},"end":{"line":54,"column":22}},"28":{"start":{"line":110,"column":15},"end":{"line":110,"column":65}},"29":{"start":{"line":112,"column":1},"end":{"line":117,"column":4}},"30":{"start":{"line":113,"column":2},"end":{"line":113,"column":40}},"31":{"start":{"line":114,"column":2},"end":{"line":116,"column":5}},"32":{"start":{"line":115,"column":3},"end":{"line":115,"column":48}},"33":{"start":{"line":118,"column":1},"end":{"line":118,"column":14}},"34":{"start":{"line":122,"column":15},"end":{"line":122,"column":65}},"35":{"start":{"line":124,"column":1},"end":{"line":131,"column":4}},"36":{"start":{"line":125,"column":2},"end":{"line":125,"column":40}},"37":{"start":{"line":126,"column":2},"end":{"line":130,"column":5}},"38":{"start":{"line":127,"column":21},"end":{"line":127,"column":33}},"39":{"start":{"line":128,"column":3},"end":{"line":128,"column":45}},"40":{"start":{"line":129,"column":3},"end":{"line":129,"column":45}},"41":{"start":{"line":132,"column":1},"end":{"line":132,"column":14}},"42":{"start":{"line":140,"column":15},"end":{"line":142,"column":51}},"43":{"start":{"line":143,"column":1},"end":{"line":152,"column":4}},"44":{"start":{"line":144,"column":2},"end":{"line":144,"column":34}},"45":{"start":{"line":145,"column":2},"end":{"line":147,"column":5}},"46":{"start":{"line":146,"column":3},"end":{"line":146,"column":43}},"47":{"start":{"line":149,"column":2},"end":{"line":151,"column":5}},"48":{"start":{"line":150,"column":3},"end":{"line":150,"column":44}},"49":{"start":{"line":153,"column":1},"end":{"line":153,"column":14}},"50":{"start":{"line":157,"column":26},"end":{"line":160,"column":3}},"51":{"start":{"line":158,"column":16},"end":{"line":158,"column":34}},"52":{"start":{"line":159,"column":2},"end":{"line":159,"column":49}},"53":{"start":{"line":162,"column":26},"end":{"line":164,"column":3}},"54":{"start":{"line":163,"column":2},"end":{"line":163,"column":62}},"55":{"start":{"line":165,"column":1},"end":{"line":165,"column":45}}},"fnMap":{"0":{"name":"getConnectedGraphForSkill","decl":{"start":{"line":12,"column":22},"end":{"line":12,"column":47}},"loc":{"start":{"line":12,"column":76},"end":{"line":15,"column":null}}},"1":{"name":"getConnectedGraphForLearningUnit","decl":{"start":{"line":23,"column":22},"end":{"line":23,"column":54}},"loc":{"start":{"line":25,"column":29},"end":{"line":32,"column":null}}},"2":{"name":"(anonymous_4)","decl":{"start":{"line":28,"column":13},"end":{"line":28,"column":18}},"loc":{"start":{"line":28,"column":22},"end":{"line":28,"column":30}}},"3":{"name":"isAcyclic","decl":{"start":{"line":39,"column":22},"end":{"line":39,"column":31}},"loc":{"start":{"line":41,"column":43},"end":{"line":45,"column":null}}},"4":{"name":"getPath","decl":{"start":{"line":54,"column":22},"end":{"line":54,"column":29}},"loc":{"start":{"line":66,"column":1},"end":{"line":107,"column":null}}},"5":{"name":"(anonymous_9)","decl":{"start":{"line":69,"column":68},"end":{"line":69,"column":73}},"loc":{"start":{"line":69,"column":77},"end":{"line":69,"column":85}}},"6":{"name":"(anonymous_10)","decl":{"start":{"line":72,"column":54},"end":{"line":72,"column":55}},"loc":{"start":{"line":72,"column":76},"end":{"line":78,"column":2}}},"7":{"name":"(anonymous_11)","decl":{"start":{"line":75,"column":12},"end":{"line":75,"column":17}},"loc":{"start":{"line":75,"column":21},"end":{"line":75,"column":29}}},"8":{"name":"(anonymous_12)","decl":{"start":{"line":101,"column":9},"end":{"line":101,"column":11}},"loc":{"start":{"line":101,"column":15},"end":{"line":101,"column":20}}},"9":{"name":"populateGraphWithSkills","decl":{"start":{"line":109,"column":15},"end":{"line":109,"column":38}},"loc":{"start":{"line":109,"column":67},"end":{"line":119,"column":null}}},"10":{"name":"(anonymous_15)","decl":{"start":{"line":112,"column":16},"end":{"line":112,"column":21}},"loc":{"start":{"line":112,"column":24},"end":{"line":117,"column":2}}},"11":{"name":"(anonymous_16)","decl":{"start":{"line":114,"column":29},"end":{"line":114,"column":34}},"loc":{"start":{"line":114,"column":37},"end":{"line":116,"column":3}}},"12":{"name":"populateGraphWithSkillsAndReverse","decl":{"start":{"line":121,"column":15},"end":{"line":121,"column":48}},"loc":{"start":{"line":121,"column":77},"end":{"line":133,"column":null}}},"13":{"name":"(anonymous_19)","decl":{"start":{"line":124,"column":16},"end":{"line":124,"column":21}},"loc":{"start":{"line":124,"column":24},"end":{"line":131,"column":2}}},"14":{"name":"(anonymous_20)","decl":{"start":{"line":126,"column":29},"end":{"line":126,"column":34}},"loc":{"start":{"line":126,"column":37},"end":{"line":130,"column":3}}},"15":{"name":"populateGraphWithLearningUnits","decl":{"start":{"line":135,"column":15},"end":{"line":135,"column":45}},"loc":{"start":{"line":138,"column":16},"end":{"line":154,"column":null}}},"16":{"name":"(anonymous_23)","decl":{"start":{"line":143,"column":23},"end":{"line":143,"column":25}},"loc":{"start":{"line":143,"column":28},"end":{"line":152,"column":2}}},"17":{"name":"(anonymous_24)","decl":{"start":{"line":145,"column":28},"end":{"line":145,"column":31}},"loc":{"start":{"line":145,"column":34},"end":{"line":147,"column":3}}},"18":{"name":"(anonymous_25)","decl":{"start":{"line":149,"column":27},"end":{"line":149,"column":31}},"loc":{"start":{"line":149,"column":34},"end":{"line":151,"column":3}}},"19":{"name":"buildReturnGraph","decl":{"start":{"line":156,"column":9},"end":{"line":156,"column":25}},"loc":{"start":{"line":156,"column":41},"end":{"line":166,"column":1}}},"20":{"name":"(anonymous_27)","decl":{"start":{"line":157,"column":44},"end":{"line":157,"column":50}},"loc":{"start":{"line":157,"column":53},"end":{"line":160,"column":2}}},"21":{"name":"(anonymous_28)","decl":{"start":{"line":162,"column":44},"end":{"line":162,"column":51}},"loc":{"start":{"line":162,"column":54},"end":{"line":164,"column":2}}}},"branchMap":{"0":{"loc":{"start":{"line":58,"column":1},"end":{"line":58,"column":16}},"type":"default-arg","locations":[{"start":{"line":58,"column":14},"end":{"line":58,"column":16}}]},"1":{"loc":{"start":{"line":92,"column":2},"end":{"line":101,"column":27}},"type":"cond-expr","locations":[{"start":{"line":101,"column":21},"end":{"line":101,"column":25}},{"start":{"line":101,"column":25},"end":{"line":101,"column":27}}]},"2":{"loc":{"start":{"line":92,"column":2},"end":{"line":101,"column":25}},"type":"binary-expr","locations":[{"start":{"line":92,"column":2},"end":{"line":101,"column":25}},{"start":{"line":101,"column":21},"end":{"line":101,"column":25}}]},"3":{"loc":{"start":{"line":92,"column":2},"end":{"line":101,"column":21}},"type":"cond-expr","locations":[{"start":{"line":101,"column":3},"end":{"line":101,"column":5}},{"start":{"line":101,"column":3},"end":{"line":101,"column":21}}]},"4":{"loc":{"start":{"line":92,"column":2},"end":{"line":101,"column":5}},"type":"binary-expr","locations":[{"start":{"line":92,"column":2},"end":{"line":101,"column":5}},{"start":{"line":101,"column":3},"end":{"line":101,"column":5}}]},"5":{"loc":{"start":{"line":138,"column":1},"end":{"line":138,"column":16}},"type":"default-arg","locations":[{"start":{"line":138,"column":11},"end":{"line":138,"column":16}}]},"6":{"loc":{"start":{"line":140,"column":15},"end":{"line":142,"column":51}},"type":"cond-expr","locations":[{"start":{"line":141,"column":4},"end":{"line":141,"column":41}},{"start":{"line":142,"column":4},"end":{"line":142,"column":51}}]}},"s":{"0":1,"1":1,"2":1,"3":4,"4":4,"5":1,"6":2,"7":6,"8":2,"9":2,"10":1,"11":0,"12":0,"13":1,"14":6,"15":6,"16":28,"17":6,"18":6,"19":41,"20":41,"21":41,"22":6,"23":20,"24":6,"25":6,"26":6,"27":1,"28":4,"29":4,"30":15,"31":15,"32":4,"33":4,"34":2,"35":2,"36":6,"37":6,"38":0,"39":0,"40":0,"41":2,"42":2,"43":2,"44":6,"45":6,"46":4,"47":6,"48":6,"49":2,"50":6,"51":27,"52":27,"53":6,"54":14,"55":6},"f":{"0":4,"1":2,"2":6,"3":0,"4":6,"5":28,"6":41,"7":41,"8":20,"9":4,"10":15,"11":4,"12":2,"13":6,"14":0,"15":2,"16":6,"17":4,"18":6,"19":6,"20":27,"21":14},"b":{"0":[5],"1":[6,0],"2":[6,6],"3":[0,6],"4":[6,6],"5":[2],"6":[0,2]}}
,"C:\\Repos\\Development\\E-Learning\\nm-skill-service\\nm-skill-lib\\src\\lib\\fastDownward\\distanceMap.ts": {"path":"C:\\Repos\\Development\\E-Learning\\nm-skill-service\\nm-skill-lib\\src\\lib\\fastDownward\\distanceMap.ts","statementMap":{"0":{"start":{"line":2,"column":0},"end":{"line":2,"column":78}},"1":{"start":{"line":13,"column":2},"end":{"line":13,"column":49}},"2":{"start":{"line":21,"column":16},"end":{"line":21,"column":66}},"3":{"start":{"line":23,"column":2},"end":{"line":30,"column":5}},"4":{"start":{"line":24,"column":3},"end":{"line":24,"column":41}},"5":{"start":{"line":25,"column":3},"end":{"line":29,"column":6}},"6":{"start":{"line":26,"column":22},"end":{"line":26,"column":34}},"7":{"start":{"line":27,"column":4},"end":{"line":27,"column":46}},"8":{"start":{"line":28,"column":4},"end":{"line":28,"column":46}},"9":{"start":{"line":31,"column":2},"end":{"line":40,"column":5}},"10":{"start":{"line":32,"column":3},"end":{"line":32,"column":35}},"11":{"start":{"line":33,"column":3},"end":{"line":35,"column":6}},"12":{"start":{"line":34,"column":4},"end":{"line":34,"column":44}},"13":{"start":{"line":37,"column":3},"end":{"line":39,"column":6}},"14":{"start":{"line":38,"column":4},"end":{"line":38,"column":45}},"15":{"start":{"line":44,"column":3},"end":{"line":51,"column":null}},"16":{"start":{"line":46,"column":4},"end":{"line":49,"column":null}},"17":{"start":{"line":48,"column":5},"end":{"line":48,"column":39}},"18":{"start":{"line":50,"column":4},"end":{"line":50,"column":13}},"19":{"start":{"line":52,"column":3},"end":{"line":52,"column":12}},"20":{"start":{"line":54,"column":16},"end":{"line":54,"column":56}},"21":{"start":{"line":56,"column":2},"end":{"line":56,"column":29}},"22":{"start":{"line":57,"column":2},"end":{"line":72,"column":null}},"23":{"start":{"line":58,"column":3},"end":{"line":71,"column":null}},"24":{"start":{"line":59,"column":22},"end":{"line":59,"column":34}},"25":{"start":{"line":60,"column":43},"end":{"line":60,"column":52}},"26":{"start":{"line":61,"column":4},"end":{"line":68,"column":null}},"27":{"start":{"line":62,"column":18},"end":{"line":62,"column":35}},"28":{"start":{"line":65,"column":5},"end":{"line":67,"column":null}},"29":{"start":{"line":66,"column":6},"end":{"line":66,"column":41}},"30":{"start":{"line":70,"column":4},"end":{"line":70,"column":45}},"31":{"start":{"line":76,"column":2},"end":{"line":76,"column":50}},"32":{"start":{"line":80,"column":20},"end":{"line":80,"column":60}},"33":{"start":{"line":80,"column":34},"end":{"line":80,"column":59}},"34":{"start":{"line":81,"column":2},"end":{"line":81,"column":32}},"35":{"start":{"line":85,"column":12},"end":{"line":85,"column":14}},"36":{"start":{"line":86,"column":2},"end":{"line":94,"column":null}},"37":{"start":{"line":87,"column":3},"end":{"line":87,"column":23}},"38":{"start":{"line":88,"column":19},"end":{"line":88,"column":85}},"39":{"start":{"line":88,"column":63},"end":{"line":88,"column":83}},"40":{"start":{"line":89,"column":3},"end":{"line":93,"column":null}},"41":{"start":{"line":90,"column":4},"end":{"line":92,"column":null}},"42":{"start":{"line":91,"column":5},"end":{"line":91,"column":39}},"43":{"start":{"line":95,"column":2},"end":{"line":95,"column":13}},"44":{"start":{"line":5,"column":0},"end":{"line":5,"column":13}}},"fnMap":{"0":{"name":"(anonymous_0)","decl":{"start":{"line":8,"column":1},"end":{"line":8,"column":null}},"loc":{"start":{"line":11,"column":27},"end":{"line":14,"column":2}}},"1":{"name":"(anonymous_1)","decl":{"start":{"line":16,"column":9},"end":{"line":16,"column":19}},"loc":{"start":{"line":19,"column":27},"end":{"line":73,"column":2}}},"2":{"name":"(anonymous_2)","decl":{"start":{"line":23,"column":17},"end":{"line":23,"column":22}},"loc":{"start":{"line":23,"column":25},"end":{"line":30,"column":3}}},"3":{"name":"(anonymous_3)","decl":{"start":{"line":25,"column":30},"end":{"line":25,"column":35}},"loc":{"start":{"line":25,"column":38},"end":{"line":29,"column":4}}},"4":{"name":"(anonymous_4)","decl":{"start":{"line":31,"column":24},"end":{"line":31,"column":26}},"loc":{"start":{"line":31,"column":29},"end":{"line":40,"column":3}}},"5":{"name":"(anonymous_5)","decl":{"start":{"line":33,"column":29},"end":{"line":33,"column":32}},"loc":{"start":{"line":33,"column":35},"end":{"line":35,"column":4}}},"6":{"name":"(anonymous_6)","decl":{"start":{"line":37,"column":28},"end":{"line":37,"column":32}},"loc":{"start":{"line":37,"column":35},"end":{"line":39,"column":4}}},"7":{"name":"dijkstraWeightFn","decl":{"start":{"line":42,"column":11},"end":{"line":42,"column":27}},"loc":{"start":{"line":42,"column":43},"end":{"line":53,"column":3}}},"8":{"name":"(anonymous_8)","decl":{"start":{"line":75,"column":1},"end":{"line":75,"column":12}},"loc":{"start":{"line":75,"column":39},"end":{"line":77,"column":2}}},"9":{"name":"(anonymous_9)","decl":{"start":{"line":79,"column":1},"end":{"line":79,"column":13}},"loc":{"start":{"line":79,"column":42},"end":{"line":82,"column":2}}},"10":{"name":"(anonymous_10)","decl":{"start":{"line":80,"column":29},"end":{"line":80,"column":30}},"loc":{"start":{"line":80,"column":34},"end":{"line":80,"column":59}}},"11":{"name":"(anonymous_11)","decl":{"start":{"line":84,"column":1},"end":{"line":84,"column":9}},"loc":{"start":{"line":84,"column":9},"end":{"line":96,"column":2}}},"12":{"name":"(anonymous_12)","decl":{"start":{"line":88,"column":52},"end":{"line":88,"column":53}},"loc":{"start":{"line":88,"column":63},"end":{"line":88,"column":83}}}},"branchMap":{"0":{"loc":{"start":{"line":44,"column":3},"end":{"line":51,"column":null}},"type":"if","locations":[{"start":{"line":44,"column":3},"end":{"line":51,"column":null}}]},"1":{"loc":{"start":{"line":46,"column":4},"end":{"line":49,"column":null}},"type":"if","locations":[{"start":{"line":46,"column":4},"end":{"line":49,"column":null}}]},"2":{"loc":{"start":{"line":58,"column":3},"end":{"line":71,"column":null}},"type":"if","locations":[{"start":{"line":58,"column":3},"end":{"line":71,"column":null}}]},"3":{"loc":{"start":{"line":58,"column":7},"end":{"line":58,"column":36}},"type":"binary-expr","locations":[{"start":{"line":58,"column":7},"end":{"line":58,"column":27}},{"start":{"line":58,"column":31},"end":{"line":58,"column":36}}]},"4":{"loc":{"start":{"line":65,"column":5},"end":{"line":67,"column":null}},"type":"if","locations":[{"start":{"line":65,"column":5},"end":{"line":67,"column":null}}]},"5":{"loc":{"start":{"line":76,"column":9},"end":{"line":76,"column":49}},"type":"cond-expr","locations":[{"start":{"line":76,"column":44},"end":{"line":76,"column":48}},{"start":{"line":76,"column":48},"end":{"line":76,"column":49}}]},"6":{"loc":{"start":{"line":76,"column":9},"end":{"line":76,"column":48}},"type":"binary-expr","locations":[{"start":{"line":76,"column":9},"end":{"line":76,"column":48}},{"start":{"line":76,"column":44},"end":{"line":76,"column":48}}]},"7":{"loc":{"start":{"line":76,"column":9},"end":{"line":76,"column":44}},"type":"cond-expr","locations":[{"start":{"line":76,"column":33},"end":{"line":76,"column":35}},{"start":{"line":76,"column":33},"end":{"line":76,"column":44}}]},"8":{"loc":{"start":{"line":76,"column":9},"end":{"line":76,"column":35}},"type":"binary-expr","locations":[{"start":{"line":76,"column":9},"end":{"line":76,"column":35}},{"start":{"line":76,"column":33},"end":{"line":76,"column":35}}]},"9":{"loc":{"start":{"line":88,"column":63},"end":{"line":88,"column":83}},"type":"cond-expr","locations":[{"start":{"line":88,"column":77},"end":{"line":88,"column":78}},{"start":{"line":88,"column":81},"end":{"line":88,"column":83}}]},"10":{"loc":{"start":{"line":90,"column":4},"end":{"line":92,"column":null}},"type":"if","locations":[{"start":{"line":90,"column":4},"end":{"line":92,"column":null}}]},"11":{"loc":{"start":{"line":90,"column":8},"end":{"line":90,"column":54}},"type":"binary-expr","locations":[{"start":{"line":90,"column":8},"end":{"line":90,"column":27}},{"start":{"line":90,"column":31},"end":{"line":90,"column":54}}]}},"s":{"0":2,"1":9,"2":9,"3":9,"4":39,"5":39,"6":10,"7":10,"8":10,"9":9,"10":31,"11":31,"12":21,"13":31,"14":32,"15":288,"16":100,"17":30,"18":70,"19":188,"20":9,"21":9,"22":9,"23":70,"24":31,"25":31,"26":31,"27":282,"28":282,"29":149,"30":31,"31":63,"32":41,"33":41,"34":41,"35":0,"36":0,"37":0,"38":0,"39":0,"40":0,"41":0,"42":0,"43":0,"44":2},"f":{"0":9,"1":9,"2":39,"3":10,"4":31,"5":21,"6":32,"7":288,"8":63,"9":41,"10":41,"11":0,"12":0},"b":{"0":[100],"1":[30],"2":[31],"3":[70,31],"4":[149],"5":[63,0],"6":[63,63],"7":[0,63],"8":[63,63],"9":[0,0],"10":[0],"11":[0,0]}}
,"C:\\Repos\\Development\\E-Learning\\nm-skill-service\\nm-skill-lib\\src\\lib\\fastDownward\\fastDownward.ts": {"path":"C:\\Repos\\Development\\E-Learning\\nm-skill-service\\nm-skill-lib\\src\\lib\\fastDownward\\fastDownward.ts","statementMap":{"0":{"start":{"line":2,"column":0},"end":{"line":2,"column":32}},"1":{"start":{"line":3,"column":0},"end":{"line":3,"column":82}},"2":{"start":{"line":15,"column":19},"end":{"line":19,"column":null}},"3":{"start":{"line":17,"column":3},"end":{"line":18,"column":null}},"4":{"start":{"line":18,"column":13},"end":{"line":18,"column":85}},"5":{"start":{"line":18,"column":62},"end":{"line":18,"column":84}},"6":{"start":{"line":23,"column":1},"end":{"line":25,"column":3}},"7":{"start":{"line":24,"column":2},"end":{"line":24,"column":77}},"8":{"start":{"line":24,"column":33},"end":{"line":24,"column":76}},"9":{"start":{"line":38,"column":36},"end":{"line":40,"column":3}},"10":{"start":{"line":41,"column":28},"end":{"line":41,"column":30}},"11":{"start":{"line":43,"column":1},"end":{"line":97,"column":null}},"12":{"start":{"line":44,"column":2},"end":{"line":44,"column":73}},"13":{"start":{"line":44,"column":26},"end":{"line":44,"column":71}},"14":{"start":{"line":45,"column":22},"end":{"line":45,"column":39}},"15":{"start":{"line":48,"column":2},"end":{"line":60,"column":null}},"16":{"start":{"line":50,"column":22},"end":{"line":50,"column":24}},"17":{"start":{"line":51,"column":14},"end":{"line":51,"column":25}},"18":{"start":{"line":52,"column":3},"end":{"line":58,"column":null}},"19":{"start":{"line":53,"column":15},"end":{"line":53,"column":26}},"20":{"start":{"line":54,"column":4},"end":{"line":56,"column":null}},"21":{"start":{"line":55,"column":5},"end":{"line":55,"column":22}},"22":{"start":{"line":57,"column":4},"end":{"line":57,"column":23}},"23":{"start":{"line":59,"column":3},"end":{"line":59,"column":15}},"24":{"start":{"line":62,"column":2},"end":{"line":62,"column":36}},"25":{"start":{"line":65,"column":2},"end":{"line":96,"column":null}},"26":{"start":{"line":66,"column":16},"end":{"line":66,"column":45}},"27":{"start":{"line":68,"column":4},"end":{"line":70,"column":11}},"28":{"start":{"line":69,"column":28},"end":{"line":69,"column":79}},"29":{"start":{"line":71,"column":21},"end":{"line":71,"column":47}},"30":{"start":{"line":74,"column":3},"end":{"line":76,"column":null}},"31":{"start":{"line":75,"column":4},"end":{"line":75,"column":13}},"32":{"start":{"line":78,"column":20},"end":{"line":78,"column":61}},"33":{"start":{"line":79,"column":19},"end":{"line":79,"column":81}},"34":{"start":{"line":82,"column":3},"end":{"line":84,"column":null}},"35":{"start":{"line":82,"column":31},"end":{"line":82,"column":52}},"36":{"start":{"line":83,"column":4},"end":{"line":83,"column":13}},"37":{"start":{"line":87,"column":24},"end":{"line":87,"column":73}},"38":{"start":{"line":87,"column":46},"end":{"line":87,"column":72}},"39":{"start":{"line":88,"column":3},"end":{"line":95,"column":null}},"40":{"start":{"line":89,"column":4},"end":{"line":92,"column":null}},"41":{"start":{"line":90,"column":5},"end":{"line":90,"column":38}},"42":{"start":{"line":91,"column":5},"end":{"line":91,"column":42}},"43":{"start":{"line":94,"column":4},"end":{"line":94,"column":27}},"44":{"start":{"line":99,"column":1},"end":{"line":99,"column":13}},"45":{"start":{"line":134,"column":22},"end":{"line":136,"column":null}},"46":{"start":{"line":135,"column":25},"end":{"line":135,"column":33}},"47":{"start":{"line":141,"column":1},"end":{"line":143,"column":null}},"48":{"start":{"line":142,"column":2},"end":{"line":142,"column":19}},"49":{"start":{"line":142,"column":17},"end":{"line":142,"column":18}},"50":{"start":{"line":147,"column":1},"end":{"line":149,"column":null}},"51":{"start":{"line":148,"column":2},"end":{"line":148,"column":27}},"52":{"start":{"line":148,"column":25},"end":{"line":148,"column":26}},"53":{"start":{"line":152,"column":1},"end":{"line":163,"column":null}},"54":{"start":{"line":153,"column":2},"end":{"line":155,"column":null}},"55":{"start":{"line":154,"column":3},"end":{"line":154,"column":86}},"56":{"start":{"line":156,"column":2},"end":{"line":162,"column":4}},"57":{"start":{"line":158,"column":64},"end":{"line":161,"column":null}},"58":{"start":{"line":159,"column":4},"end":{"line":161,"column":null}},"59":{"start":{"line":160,"column":5},"end":{"line":160,"column":84}},"60":{"start":{"line":160,"column":45},"end":{"line":160,"column":83}},"61":{"start":{"line":165,"column":1},"end":{"line":165,"column":76}},"62":{"start":{"line":116,"column":0},"end":{"line":116,"column":16}},"63":{"start":{"line":208,"column":30},"end":{"line":208,"column":32}},"64":{"start":{"line":209,"column":1},"end":{"line":217,"column":4}},"65":{"start":{"line":210,"column":2},"end":{"line":216,"column":null}},"66":{"start":{"line":211,"column":3},"end":{"line":213,"column":5}},"67":{"start":{"line":212,"column":41},"end":{"line":212,"column":84}},"68":{"start":{"line":212,"column":62},"end":{"line":212,"column":82}},"69":{"start":{"line":215,"column":3},"end":{"line":215,"column":27}},"70":{"start":{"line":219,"column":26},"end":{"line":219,"column":28}},"71":{"start":{"line":220,"column":1},"end":{"line":244,"column":null}},"72":{"start":{"line":222,"column":15},"end":{"line":229,"column":4}},"73":{"start":{"line":231,"column":20},"end":{"line":231,"column":30}},"74":{"start":{"line":232,"column":2},"end":{"line":243,"column":null}},"75":{"start":{"line":234,"column":3},"end":{"line":234,"column":33}},"76":{"start":{"line":235,"column":25},"end":{"line":238,"column":64}},"77":{"start":{"line":236,"column":15},"end":{"line":236,"column":45}},"78":{"start":{"line":236,"column":29},"end":{"line":236,"column":43}},"79":{"start":{"line":237,"column":19},"end":{"line":237,"column":35}},"80":{"start":{"line":238,"column":20},"end":{"line":238,"column":63}},"81":{"start":{"line":238,"column":41},"end":{"line":238,"column":61}},"82":{"start":{"line":239,"column":3},"end":{"line":239,"column":48}},"83":{"start":{"line":242,"column":3},"end":{"line":242,"column":15}},"84":{"start":{"line":246,"column":1},"end":{"line":246,"column":19}},"85":{"start":{"line":186,"column":0},"end":{"line":186,"column":22}}},"fnMap":{"0":{"name":"availableActions","decl":{"start":{"line":8,"column":15},"end":{"line":8,"column":31}},"loc":{"start":{"line":10,"column":27},"end":{"line":26,"column":null}}},"1":{"name":"(anonymous_2)","decl":{"start":{"line":16,"column":2},"end":{"line":16,"column":4}},"loc":{"start":{"line":17,"column":3},"end":{"line":18,"column":null}}},"2":{"name":"(anonymous_3)","decl":{"start":{"line":18,"column":4},"end":{"line":18,"column":9}},"loc":{"start":{"line":18,"column":13},"end":{"line":18,"column":85}}},"3":{"name":"(anonymous_4)","decl":{"start":{"line":18,"column":46},"end":{"line":18,"column":58}},"loc":{"start":{"line":18,"column":62},"end":{"line":18,"column":84}}},"4":{"name":"(anonymous_5)","decl":{"start":{"line":23,"column":25},"end":{"line":23,"column":27}},"loc":{"start":{"line":24,"column":2},"end":{"line":24,"column":77}}},"5":{"name":"(anonymous_6)","decl":{"start":{"line":24,"column":24},"end":{"line":24,"column":29}},"loc":{"start":{"line":24,"column":33},"end":{"line":24,"column":76}}},"6":{"name":"search","decl":{"start":{"line":30,"column":15},"end":{"line":30,"column":21}},"loc":{"start":{"line":36,"column":35},"end":{"line":100,"column":null}}},"7":{"name":"(anonymous_9)","decl":{"start":{"line":44,"column":16},"end":{"line":44,"column":17}},"loc":{"start":{"line":44,"column":26},"end":{"line":44,"column":71}}},"8":{"name":"(anonymous_10)","decl":{"start":{"line":69,"column":19},"end":{"line":69,"column":24}},"loc":{"start":{"line":69,"column":28},"end":{"line":69,"column":79}}},"9":{"name":"(anonymous_11)","decl":{"start":{"line":82,"column":22},"end":{"line":82,"column":27}},"loc":{"start":{"line":82,"column":31},"end":{"line":82,"column":52}}},"10":{"name":"(anonymous_12)","decl":{"start":{"line":87,"column":38},"end":{"line":87,"column":42}},"loc":{"start":{"line":87,"column":46},"end":{"line":87,"column":72}}},"11":{"name":"findOptimalLearningPath","decl":{"start":{"line":116,"column":16},"end":{"line":116,"column":39}},"loc":{"start":{"line":132,"column":1},"end":{"line":166,"column":1}}},"12":{"name":"(anonymous_14)","decl":{"start":{"line":135,"column":16},"end":{"line":135,"column":21}},"loc":{"start":{"line":135,"column":25},"end":{"line":135,"column":33}}},"13":{"name":"(anonymous_15)","decl":{"start":{"line":142,"column":11},"end":{"line":142,"column":13}},"loc":{"start":{"line":142,"column":17},"end":{"line":142,"column":18}}},"14":{"name":"(anonymous_16)","decl":{"start":{"line":148,"column":16},"end":{"line":148,"column":21}},"loc":{"start":{"line":148,"column":25},"end":{"line":148,"column":26}}},"15":{"name":"(anonymous_17)","decl":{"start":{"line":158,"column":28},"end":{"line":158,"column":35}},"loc":{"start":{"line":158,"column":64},"end":{"line":161,"column":null}}},"16":{"name":"(anonymous_18)","decl":{"start":{"line":158,"column":64},"end":{"line":158,"column":null}},"loc":{"start":{"line":158,"column":64},"end":{"line":161,"column":null}}},"17":{"name":"(anonymous_19)","decl":{"start":{"line":159,"column":15},"end":{"line":159,"column":17}},"loc":{"start":{"line":160,"column":5},"end":{"line":160,"column":84}}},"18":{"name":"(anonymous_20)","decl":{"start":{"line":160,"column":29},"end":{"line":160,"column":41}},"loc":{"start":{"line":160,"column":45},"end":{"line":160,"column":83}}},"19":{"name":"findGreedyLearningPath","decl":{"start":{"line":186,"column":22},"end":{"line":186,"column":44}},"loc":{"start":{"line":200,"column":1},"end":{"line":247,"column":null}}},"20":{"name":"(anonymous_23)","decl":{"start":{"line":209,"column":14},"end":{"line":209,"column":19}},"loc":{"start":{"line":209,"column":22},"end":{"line":217,"column":2}}},"21":{"name":"(anonymous_24)","decl":{"start":{"line":212,"column":30},"end":{"line":212,"column":37}},"loc":{"start":{"line":212,"column":41},"end":{"line":212,"column":84}}},"22":{"name":"(anonymous_25)","decl":{"start":{"line":212,"column":53},"end":{"line":212,"column":58}},"loc":{"start":{"line":212,"column":62},"end":{"line":212,"column":82}}},"23":{"name":"(anonymous_26)","decl":{"start":{"line":236,"column":9},"end":{"line":236,"column":11}},"loc":{"start":{"line":236,"column":15},"end":{"line":236,"column":45}}},"24":{"name":"(anonymous_27)","decl":{"start":{"line":236,"column":24},"end":{"line":236,"column":25}},"loc":{"start":{"line":236,"column":29},"end":{"line":236,"column":43}}},"25":{"name":"(anonymous_28)","decl":{"start":{"line":237,"column":13},"end":{"line":237,"column":15}},"loc":{"start":{"line":237,"column":19},"end":{"line":237,"column":35}}},"26":{"name":"(anonymous_29)","decl":{"start":{"line":238,"column":9},"end":{"line":238,"column":16}},"loc":{"start":{"line":238,"column":20},"end":{"line":238,"column":63}}},"27":{"name":"(anonymous_30)","decl":{"start":{"line":238,"column":32},"end":{"line":238,"column":37}},"loc":{"start":{"line":238,"column":41},"end":{"line":238,"column":61}}}},"branchMap":{"0":{"loc":{"start":{"line":48,"column":2},"end":{"line":60,"column":null}},"type":"if","locations":[{"start":{"line":48,"column":2},"end":{"line":60,"column":null}}]},"1":{"loc":{"start":{"line":54,"column":4},"end":{"line":56,"column":null}},"type":"if","locations":[{"start":{"line":54,"column":4},"end":{"line":56,"column":null}}]},"2":{"loc":{"start":{"line":68,"column":4},"end":{"line":70,"column":11}},"type":"cond-expr","locations":[{"start":{"line":69,"column":7},"end":{"line":69,"column":80}},{"start":{"line":70,"column":7},"end":{"line":70,"column":11}}]},"3":{"loc":{"start":{"line":74,"column":3},"end":{"line":76,"column":null}},"type":"if","locations":[{"start":{"line":74,"column":3},"end":{"line":76,"column":null}}]},"4":{"loc":{"start":{"line":74,"column":7},"end":{"line":74,"column":50}},"type":"binary-expr","locations":[{"start":{"line":74,"column":7},"end":{"line":74,"column":24}},{"start":{"line":74,"column":28},"end":{"line":74,"column":50}}]},"5":{"loc":{"start":{"line":82,"column":3},"end":{"line":84,"column":null}},"type":"if","locations":[{"start":{"line":82,"column":3},"end":{"line":84,"column":null}}]},"6":{"loc":{"start":{"line":88,"column":3},"end":{"line":95,"column":null}},"type":"if","locations":[{"start":{"line":88,"column":3},"end":{"line":95,"column":null}},{"start":{"line":93,"column":10},"end":{"line":95,"column":null}}]},"7":{"loc":{"start":{"line":89,"column":4},"end":{"line":92,"column":null}},"type":"if","locations":[{"start":{"line":89,"column":4},"end":{"line":92,"column":null}}]},"8":{"loc":{"start":{"line":141,"column":1},"end":{"line":143,"column":null}},"type":"if","locations":[{"start":{"line":141,"column":1},"end":{"line":143,"column":null}}]},"9":{"loc":{"start":{"line":147,"column":1},"end":{"line":149,"column":null}},"type":"if","locations":[{"start":{"line":147,"column":1},"end":{"line":149,"column":null}}]},"10":{"loc":{"start":{"line":152,"column":1},"end":{"line":163,"column":null}},"type":"if","locations":[{"start":{"line":152,"column":1},"end":{"line":163,"column":null}}]},"11":{"loc":{"start":{"line":153,"column":2},"end":{"line":155,"column":null}},"type":"if","locations":[{"start":{"line":153,"column":2},"end":{"line":155,"column":null}}]},"12":{"loc":{"start":{"line":153,"column":6},"end":{"line":153,"column":30}},"type":"binary-expr","locations":[{"start":{"line":153,"column":6},"end":{"line":153,"column":10}},{"start":{"line":153,"column":14},"end":{"line":153,"column":30}}]},"13":{"loc":{"start":{"line":210,"column":2},"end":{"line":216,"column":null}},"type":"if","locations":[{"start":{"line":210,"column":2},"end":{"line":216,"column":null}},{"start":{"line":214,"column":9},"end":{"line":216,"column":null}}]},"14":{"loc":{"start":{"line":232,"column":2},"end":{"line":243,"column":null}},"type":"if","locations":[{"start":{"line":232,"column":2},"end":{"line":243,"column":null}},{"start":{"line":240,"column":9},"end":{"line":243,"column":null}}]}},"s":{"0":1,"1":1,"2":24,"3":83,"4":84,"5":146,"6":24,"7":41,"8":42,"9":7,"10":7,"11":7,"12":31,"13":9,"14":31,"15":31,"16":7,"17":7,"18":7,"19":20,"20":20,"21":20,"22":20,"23":7,"24":24,"25":24,"26":41,"27":41,"28":0,"29":41,"30":41,"31":12,"32":29,"33":29,"34":29,"35":62,"36":0,"37":29,"38":13,"39":29,"40":4,"41":0,"42":0,"43":25,"44":0,"45":7,"46":4,"47":7,"48":6,"49":33,"50":7,"51":0,"52":0,"53":7,"54":7,"55":0,"56":7,"57":24,"58":24,"59":112,"60":60,"61":7,"62":1,"63":6,"64":6,"65":7,"66":0,"67":0,"68":0,"69":7,"70":6,"71":6,"72":7,"73":7,"74":7,"75":7,"76":7,"77":20,"78":64,"79":20,"80":20,"81":56,"82":7,"83":0,"84":6,"85":1},"f":{"0":24,"1":83,"2":84,"3":146,"4":41,"5":42,"6":7,"7":9,"8":0,"9":62,"10":13,"11":7,"12":4,"13":33,"14":0,"15":24,"16":24,"17":112,"18":60,"19":6,"20":7,"21":0,"22":0,"23":20,"24":64,"25":20,"26":20,"27":56},"b":{"0":[7],"1":[20],"2":[0,41],"3":[12],"4":[41,37],"5":[0],"6":[4,25],"7":[0],"8":[6],"9":[0],"10":[7],"11":[0],"12":[7,7],"13":[0,7],"14":[7,0]}}
,"C:\\Repos\\Development\\E-Learning\\nm-skill-service\\nm-skill-lib\\src\\lib\\fastDownward\\state.ts": {"path":"C:\\Repos\\Development\\E-Learning\\nm-skill-service\\nm-skill-lib\\src\\lib\\fastDownward\\state.ts","statementMap":{"0":{"start":{"line":8,"column":9},"end":{"line":8,"column":23}},"1":{"start":{"line":9,"column":1},"end":{"line":13,"column":null}},"2":{"start":{"line":9,"column":14},"end":{"line":9,"column":15}},"3":{"start":{"line":10,"column":2},"end":{"line":12,"column":null}},"4":{"start":{"line":10,"column":15},"end":{"line":10,"column":20}},"5":{"start":{"line":11,"column":3},"end":{"line":11,"column":39}},"6":{"start":{"line":11,"column":22},"end":{"line":11,"column":39}},"7":{"start":{"line":15,"column":1},"end":{"line":15,"column":10}},"8":{"start":{"line":30,"column":2},"end":{"line":30,"column":37}},"9":{"start":{"line":32,"column":2},"end":{"line":32,"column":34}},"10":{"start":{"line":34,"column":2},"end":{"line":34,"column":28}},"11":{"start":{"line":35,"column":2},"end":{"line":35,"column":47}},"12":{"start":{"line":39,"column":16},"end":{"line":39,"column":21}},"13":{"start":{"line":40,"column":2},"end":{"line":44,"column":20}},"14":{"start":{"line":41,"column":3},"end":{"line":41,"column":19}},"15":{"start":{"line":42,"column":3},"end":{"line":42,"column":73}},"16":{"start":{"line":43,"column":3},"end":{"line":43,"column":73}},"17":{"start":{"line":49,"column":21},"end":{"line":49,"column":74}},"18":{"start":{"line":49,"column":44},"end":{"line":49,"column":73}},"19":{"start":{"line":51,"column":26},"end":{"line":52,"column":null}},"20":{"start":{"line":52,"column":3},"end":{"line":52,"column":73}},"21":{"start":{"line":52,"column":38},"end":{"line":52,"column":72}},"22":{"start":{"line":55,"column":24},"end":{"line":56,"column":null}},"23":{"start":{"line":56,"column":13},"end":{"line":56,"column":52}},"24":{"start":{"line":60,"column":2},"end":{"line":63,"column":null}},"25":{"start":{"line":61,"column":3},"end":{"line":61,"column":90}},"26":{"start":{"line":61,"column":78},"end":{"line":61,"column":87}},"27":{"start":{"line":62,"column":3},"end":{"line":62,"column":15}},"28":{"start":{"line":64,"column":2},"end":{"line":64,"column":15}},"29":{"start":{"line":68,"column":28},"end":{"line":70,"column":60}},"30":{"start":{"line":69,"column":20},"end":{"line":69,"column":49}},"31":{"start":{"line":70,"column":21},"end":{"line":70,"column":59}},"32":{"start":{"line":71,"column":29},"end":{"line":71,"column":88}},"33":{"start":{"line":71,"column":61},"end":{"line":71,"column":80}},"34":{"start":{"line":72,"column":25},"end":{"line":73,"column":null}},"35":{"start":{"line":73,"column":12},"end":{"line":73,"column":47}},"36":{"start":{"line":76,"column":2},"end":{"line":79,"column":null}},"37":{"start":{"line":77,"column":3},"end":{"line":77,"column":66}},"38":{"start":{"line":78,"column":3},"end":{"line":78,"column":15}},"39":{"start":{"line":80,"column":2},"end":{"line":80,"column":15}},"40":{"start":{"line":89,"column":2},"end":{"line":91,"column":4}},"41":{"start":{"line":90,"column":3},"end":{"line":90,"column":73}},"42":{"start":{"line":90,"column":43},"end":{"line":90,"column":72}},"43":{"start":{"line":95,"column":23},"end":{"line":95,"column":85}},"44":{"start":{"line":96,"column":2},"end":{"line":96,"column":41}},"45":{"start":{"line":106,"column":2},"end":{"line":106,"column":42}},"46":{"start":{"line":22,"column":0},"end":{"line":22,"column":13}}},"fnMap":{"0":{"name":"arrayUnique","decl":{"start":{"line":7,"column":9},"end":{"line":7,"column":20}},"loc":{"start":{"line":7,"column":36},"end":{"line":16,"column":1}}},"1":{"name":"(anonymous_1)","decl":{"start":{"line":29,"column":1},"end":{"line":29,"column":13}},"loc":{"start":{"line":29,"column":66},"end":{"line":36,"column":2}}},"2":{"name":"(anonymous_2)","decl":{"start":{"line":38,"column":9},"end":{"line":38,"column":27}},"loc":{"start":{"line":38,"column":56},"end":{"line":45,"column":2}}},"3":{"name":"(anonymous_3)","decl":{"start":{"line":47,"column":9},"end":{"line":47,"column":44}},"loc":{"start":{"line":47,"column":73},"end":{"line":65,"column":2}}},"4":{"name":"(anonymous_4)","decl":{"start":{"line":49,"column":35},"end":{"line":49,"column":40}},"loc":{"start":{"line":49,"column":44},"end":{"line":49,"column":73}}},"5":{"name":"(anonymous_5)","decl":{"start":{"line":51,"column":44},"end":{"line":51,"column":50}},"loc":{"start":{"line":52,"column":3},"end":{"line":52,"column":73}}},"6":{"name":"(anonymous_6)","decl":{"start":{"line":52,"column":29},"end":{"line":52,"column":34}},"loc":{"start":{"line":52,"column":38},"end":{"line":52,"column":72}}},"7":{"name":"(anonymous_7)","decl":{"start":{"line":56,"column":3},"end":{"line":56,"column":9}},"loc":{"start":{"line":56,"column":13},"end":{"line":56,"column":52}}},"8":{"name":"(anonymous_8)","decl":{"start":{"line":61,"column":68},"end":{"line":61,"column":74}},"loc":{"start":{"line":61,"column":78},"end":{"line":61,"column":87}}},"9":{"name":"(anonymous_9)","decl":{"start":{"line":67,"column":9},"end":{"line":67,"column":44}},"loc":{"start":{"line":67,"column":73},"end":{"line":81,"column":2}}},"10":{"name":"(anonymous_10)","decl":{"start":{"line":69,"column":11},"end":{"line":69,"column":16}},"loc":{"start":{"line":69,"column":20},"end":{"line":69,"column":49}}},"11":{"name":"(anonymous_11)","decl":{"start":{"line":70,"column":11},"end":{"line":70,"column":17}},"loc":{"start":{"line":70,"column":21},"end":{"line":70,"column":59}}},"12":{"name":"(anonymous_12)","decl":{"start":{"line":71,"column":51},"end":{"line":71,"column":57}},"loc":{"start":{"line":71,"column":61},"end":{"line":71,"column":80}}},"13":{"name":"(anonymous_13)","decl":{"start":{"line":73,"column":3},"end":{"line":73,"column":8}},"loc":{"start":{"line":73,"column":12},"end":{"line":73,"column":47}}},"14":{"name":"(anonymous_14)","decl":{"start":{"line":88,"column":1},"end":{"line":88,"column":14}},"loc":{"start":{"line":88,"column":28},"end":{"line":92,"column":2}}},"15":{"name":"(anonymous_15)","decl":{"start":{"line":89,"column":20},"end":{"line":89,"column":29}},"loc":{"start":{"line":90,"column":3},"end":{"line":90,"column":73}}},"16":{"name":"(anonymous_16)","decl":{"start":{"line":90,"column":27},"end":{"line":90,"column":39}},"loc":{"start":{"line":90,"column":43},"end":{"line":90,"column":72}}},"17":{"name":"(anonymous_17)","decl":{"start":{"line":94,"column":1},"end":{"line":94,"column":12}},"loc":{"start":{"line":94,"column":65},"end":{"line":97,"column":2}}},"18":{"name":"(anonymous_18)","decl":{"start":{"line":105,"column":1},"end":{"line":105,"column":6}},"loc":{"start":{"line":105,"column":19},"end":{"line":107,"column":2}}}},"branchMap":{"0":{"loc":{"start":{"line":11,"column":3},"end":{"line":11,"column":39}},"type":"if","locations":[{"start":{"line":11,"column":3},"end":{"line":11,"column":39}}]},"1":{"loc":{"start":{"line":42,"column":13},"end":{"line":42,"column":72}},"type":"binary-expr","locations":[{"start":{"line":42,"column":13},"end":{"line":42,"column":20}},{"start":{"line":42,"column":24},"end":{"line":42,"column":72}}]},"2":{"loc":{"start":{"line":43,"column":13},"end":{"line":43,"column":72}},"type":"binary-expr","locations":[{"start":{"line":43,"column":13},"end":{"line":43,"column":20}},{"start":{"line":43,"column":24},"end":{"line":43,"column":72}}]},"3":{"loc":{"start":{"line":60,"column":2},"end":{"line":63,"column":null}},"type":"if","locations":[{"start":{"line":60,"column":2},"end":{"line":63,"column":null}}]},"4":{"loc":{"start":{"line":76,"column":2},"end":{"line":79,"column":null}},"type":"if","locations":[{"start":{"line":76,"column":2},"end":{"line":79,"column":null}}]}},"s":{"0":29,"1":29,"2":29,"3":77,"4":77,"5":105,"6":0,"7":29,"8":36,"9":36,"10":36,"11":36,"12":36,"13":36,"14":46,"15":46,"16":46,"17":42,"18":248,"19":42,"20":72,"21":86,"22":42,"23":30,"24":42,"25":6,"26":6,"27":6,"28":36,"29":46,"30":278,"31":84,"32":46,"33":28,"34":46,"35":36,"36":46,"37":4,"38":4,"39":42,"40":31,"41":31,"42":72,"43":29,"44":29,"45":75,"46":1},"f":{"0":29,"1":36,"2":36,"3":42,"4":248,"5":72,"6":86,"7":30,"8":6,"9":46,"10":278,"11":84,"12":28,"13":36,"14":31,"15":31,"16":72,"17":29,"18":75},"b":{"0":[0],"1":[46,46],"2":[46,42],"3":[6],"4":[4]}}
,"C:\\Repos\\Development\\E-Learning\\nm-skill-service\\nm-skill-lib\\src\\lib\\fastDownward\\types.ts": {"path":"C:\\Repos\\Development\\E-Learning\\nm-skill-service\\nm-skill-lib\\src\\lib\\fastDownward\\types.ts","statementMap":{"0":{"start":{"line":9,"column":9},"end":{"line":9,"column":21}},"1":{"start":{"line":12,"column":9},"end":{"line":12,"column":26}},"2":{"start":{"line":13,"column":9},"end":{"line":13,"column":38}},"3":{"start":{"line":14,"column":9},"end":{"line":14,"column":21}},"4":{"start":{"line":15,"column":9},"end":{"line":15,"column":26}},"5":{"start":{"line":7,"column":0},"end":{"line":7,"column":13}}},"fnMap":{},"branchMap":{},"s":{"0":36,"1":36,"2":36,"3":36,"4":36,"5":1},"f":{},"b":{}}
}
