TN:
SF:src\lib\pathPlanner.ts
FN:12,getConnectedGraphForSkill
FN:23,getConnectedGraphForLearningUnit
FN:28,(anonymous_4)
FN:39,isAcyclic
FN:54,getPath
FN:69,(anonymous_9)
FN:72,(anonymous_10)
FN:75,(anonymous_11)
FN:101,(anonymous_12)
FN:109,populateGraphWithSkills
FN:112,(anonymous_15)
FN:114,(anonymous_16)
FN:121,populateGraphWithSkillsAndReverse
FN:124,(anonymous_19)
FN:126,(anonymous_20)
FN:135,populateGraphWithLearningUnits
FN:143,(anonymous_23)
FN:145,(anonymous_24)
FN:149,(anonymous_25)
FN:156,buildReturnGraph
FN:157,(anonymous_27)
FN:162,(anonymous_28)
FNF:22
FNH:20
FNDA:4,getConnectedGraphForSkill
FNDA:2,getConnectedGraphForLearningUnit
FNDA:6,(anonymous_4)
FNDA:0,isAcyclic
FNDA:6,getPath
FNDA:28,(anonymous_9)
FNDA:41,(anonymous_10)
FNDA:41,(anonymous_11)
FNDA:20,(anonymous_12)
FNDA:4,populateGraphWithSkills
FNDA:15,(anonymous_15)
FNDA:4,(anonymous_16)
FNDA:2,populateGraphWithSkillsAndReverse
FNDA:6,(anonymous_19)
FNDA:0,(anonymous_20)
FNDA:2,populateGraphWithLearningUnits
FNDA:6,(anonymous_23)
FNDA:4,(anonymous_24)
FNDA:6,(anonymous_25)
FNDA:6,buildReturnGraph
FNDA:27,(anonymous_27)
FNDA:14,(anonymous_28)
DA:1,1
DA:3,1
DA:5,1
DA:12,1
DA:13,4
DA:14,4
DA:23,1
DA:27,2
DA:28,6
DA:30,2
DA:31,2
DA:39,1
DA:43,0
DA:44,0
DA:54,1
DA:67,6
DA:69,28
DA:71,6
DA:72,6
DA:73,41
DA:75,41
DA:77,41
DA:92,6
DA:101,20
DA:103,6
DA:104,6
DA:106,6
DA:110,4
DA:112,4
DA:113,15
DA:114,15
DA:115,4
DA:118,4
DA:122,2
DA:124,2
DA:125,6
DA:126,6
DA:127,0
DA:128,0
DA:129,0
DA:132,2
DA:140,2
DA:143,2
DA:144,6
DA:145,6
DA:146,4
DA:149,6
DA:150,6
DA:153,2
DA:157,6
DA:158,27
DA:159,27
DA:162,6
DA:163,14
DA:165,6
LF:55
LH:50
BRDA:58,0,0,5
BRDA:92,1,0,6
BRDA:92,1,1,0
BRDA:92,2,0,6
BRDA:92,2,1,6
BRDA:92,3,0,0
BRDA:92,3,1,6
BRDA:92,4,0,6
BRDA:92,4,1,6
BRDA:138,5,0,2
BRDA:140,6,0,0
BRDA:140,6,1,2
BRF:12
BRH:9
end_of_record
TN:
SF:src\lib\fastDownward\distanceMap.ts
FN:8,(anonymous_0)
FN:16,(anonymous_1)
FN:23,(anonymous_2)
FN:25,(anonymous_3)
FN:31,(anonymous_4)
FN:33,(anonymous_5)
FN:37,(anonymous_6)
FN:42,dijkstraWeightFn
FN:75,(anonymous_8)
FN:79,(anonymous_9)
FN:80,(anonymous_10)
FN:84,(anonymous_11)
FN:88,(anonymous_12)
FNF:13
FNH:11
FNDA:9,(anonymous_0)
FNDA:9,(anonymous_1)
FNDA:39,(anonymous_2)
FNDA:10,(anonymous_3)
FNDA:31,(anonymous_4)
FNDA:21,(anonymous_5)
FNDA:32,(anonymous_6)
FNDA:288,dijkstraWeightFn
FNDA:63,(anonymous_8)
FNDA:41,(anonymous_9)
FNDA:41,(anonymous_10)
FNDA:0,(anonymous_11)
FNDA:0,(anonymous_12)
DA:2,2
DA:5,2
DA:13,9
DA:21,9
DA:23,9
DA:24,39
DA:25,39
DA:26,10
DA:27,10
DA:28,10
DA:31,9
DA:32,31
DA:33,31
DA:34,21
DA:37,31
DA:38,32
DA:44,288
DA:46,100
DA:48,30
DA:50,70
DA:52,188
DA:54,9
DA:56,9
DA:57,9
DA:58,70
DA:59,31
DA:60,31
DA:61,31
DA:62,282
DA:65,282
DA:66,149
DA:70,31
DA:76,63
DA:80,41
DA:81,41
DA:85,0
DA:86,0
DA:87,0
DA:88,0
DA:89,0
DA:90,0
DA:91,0
DA:95,0
LF:43
LH:35
BRDA:44,0,0,100
BRDA:46,1,0,30
BRDA:58,2,0,31
BRDA:58,3,0,70
BRDA:58,3,1,31
BRDA:65,4,0,149
BRDA:76,5,0,63
BRDA:76,5,1,0
BRDA:76,6,0,63
BRDA:76,6,1,63
BRDA:76,7,0,0
BRDA:76,7,1,63
BRDA:76,8,0,63
BRDA:76,8,1,63
BRDA:88,9,0,0
BRDA:88,9,1,0
BRDA:90,10,0,0
BRDA:90,11,0,0
BRDA:90,11,1,0
BRF:19
BRH:12
end_of_record
TN:
SF:src\lib\fastDownward\fastDownward.ts
FN:8,availableActions
FN:16,(anonymous_2)
FN:18,(anonymous_3)
FN:18,(anonymous_4)
FN:23,(anonymous_5)
FN:24,(anonymous_6)
FN:30,search
FN:44,(anonymous_9)
FN:69,(anonymous_10)
FN:82,(anonymous_11)
FN:87,(anonymous_12)
FN:116,findOptimalLearningPath
FN:135,(anonymous_14)
FN:142,(anonymous_15)
FN:148,(anonymous_16)
FN:158,(anonymous_17)
FN:158,(anonymous_18)
FN:159,(anonymous_19)
FN:160,(anonymous_20)
FN:186,findGreedyLearningPath
FN:209,(anonymous_23)
FN:212,(anonymous_24)
FN:212,(anonymous_25)
FN:236,(anonymous_26)
FN:236,(anonymous_27)
FN:237,(anonymous_28)
FN:238,(anonymous_29)
FN:238,(anonymous_30)
FNF:28
FNH:24
FNDA:24,availableActions
FNDA:83,(anonymous_2)
FNDA:84,(anonymous_3)
FNDA:146,(anonymous_4)
FNDA:41,(anonymous_5)
FNDA:42,(anonymous_6)
FNDA:7,search
FNDA:9,(anonymous_9)
FNDA:0,(anonymous_10)
FNDA:62,(anonymous_11)
FNDA:13,(anonymous_12)
FNDA:7,findOptimalLearningPath
FNDA:4,(anonymous_14)
FNDA:33,(anonymous_15)
FNDA:0,(anonymous_16)
FNDA:24,(anonymous_17)
FNDA:24,(anonymous_18)
FNDA:112,(anonymous_19)
FNDA:60,(anonymous_20)
FNDA:6,findGreedyLearningPath
FNDA:7,(anonymous_23)
FNDA:0,(anonymous_24)
FNDA:0,(anonymous_25)
FNDA:20,(anonymous_26)
FNDA:64,(anonymous_27)
FNDA:20,(anonymous_28)
FNDA:20,(anonymous_29)
FNDA:56,(anonymous_30)
DA:2,1
DA:3,1
DA:15,24
DA:17,83
DA:18,146
DA:23,24
DA:24,42
DA:38,7
DA:41,7
DA:43,7
DA:44,31
DA:45,31
DA:48,31
DA:50,7
DA:51,7
DA:52,7
DA:53,20
DA:54,20
DA:55,20
DA:57,20
DA:59,7
DA:62,24
DA:65,24
DA:66,41
DA:68,41
DA:69,0
DA:71,41
DA:74,41
DA:75,12
DA:78,29
DA:79,29
DA:82,62
DA:83,0
DA:87,29
DA:88,29
DA:89,4
DA:90,0
DA:91,0
DA:94,25
DA:99,0
DA:116,1
DA:134,7
DA:135,4
DA:141,7
DA:142,33
DA:147,7
DA:148,0
DA:152,7
DA:153,7
DA:154,0
DA:156,7
DA:158,24
DA:159,24
DA:160,112
DA:165,7
DA:186,1
DA:208,6
DA:209,6
DA:210,7
DA:211,0
DA:212,0
DA:215,7
DA:219,6
DA:220,6
DA:222,7
DA:231,7
DA:232,7
DA:234,7
DA:235,7
DA:236,64
DA:237,20
DA:238,56
DA:239,7
DA:242,0
DA:246,6
LF:75
LH:65
BRDA:48,0,0,7
BRDA:54,1,0,20
BRDA:68,2,0,0
BRDA:68,2,1,41
BRDA:74,3,0,12
BRDA:74,4,0,41
BRDA:74,4,1,37
BRDA:82,5,0,0
BRDA:88,6,0,4
BRDA:88,6,1,25
BRDA:89,7,0,0
BRDA:141,8,0,6
BRDA:147,9,0,0
BRDA:152,10,0,7
BRDA:153,11,0,0
BRDA:153,12,0,7
BRDA:153,12,1,7
BRDA:210,13,0,0
BRDA:210,13,1,7
BRDA:232,14,0,7
BRDA:232,14,1,0
BRF:21
BRH:14
end_of_record
TN:
SF:src\lib\fastDownward\state.ts
FN:7,arrayUnique
FN:29,(anonymous_1)
FN:38,(anonymous_2)
FN:47,(anonymous_3)
FN:49,(anonymous_4)
FN:51,(anonymous_5)
FN:52,(anonymous_6)
FN:56,(anonymous_7)
FN:61,(anonymous_8)
FN:67,(anonymous_9)
FN:69,(anonymous_10)
FN:70,(anonymous_11)
FN:71,(anonymous_12)
FN:73,(anonymous_13)
FN:88,(anonymous_14)
FN:89,(anonymous_15)
FN:90,(anonymous_16)
FN:94,(anonymous_17)
FN:105,(anonymous_18)
FNF:19
FNH:19
FNDA:29,arrayUnique
FNDA:36,(anonymous_1)
FNDA:36,(anonymous_2)
FNDA:42,(anonymous_3)
FNDA:248,(anonymous_4)
FNDA:72,(anonymous_5)
FNDA:86,(anonymous_6)
FNDA:30,(anonymous_7)
FNDA:6,(anonymous_8)
FNDA:46,(anonymous_9)
FNDA:278,(anonymous_10)
FNDA:84,(anonymous_11)
FNDA:28,(anonymous_12)
FNDA:36,(anonymous_13)
FNDA:31,(anonymous_14)
FNDA:31,(anonymous_15)
FNDA:72,(anonymous_16)
FNDA:29,(anonymous_17)
FNDA:75,(anonymous_18)
DA:8,29
DA:9,29
DA:10,77
DA:11,105
DA:15,29
DA:22,1
DA:30,36
DA:32,36
DA:34,36
DA:35,36
DA:39,36
DA:40,36
DA:41,46
DA:42,46
DA:43,46
DA:49,248
DA:51,42
DA:52,86
DA:55,42
DA:56,30
DA:60,42
DA:61,6
DA:62,6
DA:64,36
DA:68,46
DA:69,278
DA:70,84
DA:71,46
DA:72,46
DA:73,36
DA:76,46
DA:77,4
DA:78,4
DA:80,42
DA:89,31
DA:90,72
DA:95,29
DA:96,29
DA:106,75
LF:39
LH:39
BRDA:11,0,0,0
BRDA:42,1,0,46
BRDA:42,1,1,46
BRDA:43,2,0,46
BRDA:43,2,1,42
BRDA:60,3,0,6
BRDA:76,4,0,4
BRF:7
BRH:6
end_of_record
TN:
SF:src\lib\fastDownward\types.ts
FNF:0
FNH:0
DA:7,1
DA:9,36
DA:12,36
DA:13,36
DA:14,36
DA:15,36
LF:6
LH:6
BRF:0
BRH:0
end_of_record
